-------------------------------------------------------------------------------
Test set: BananeTest
-------------------------------------------------------------------------------
Tests run: 6, Failures: 1, Errors: 0, Skipped: 0, Time elapsed: 0.05 s <<< FAILURE! - in BananeTest
testNotEquals(BananeTest)  Time elapsed: 0.006 s  <<< FAILURE!
java.lang.AssertionError
	at BananeTest.testNotEquals(BananeTest.java:41)

