-------------------------------------------------------------------------------
Test set: fr.ufrsciencestech.panier.model.BananeTest
-------------------------------------------------------------------------------
Tests run: 6, Failures: 1, Errors: 0, Skipped: 0, Time elapsed: 0.002 s <<< FAILURE! - in fr.ufrsciencestech.panier.model.BananeTest
testNotEquals(fr.ufrsciencestech.panier.model.BananeTest)  Time elapsed: 0.001 s  <<< FAILURE!
java.lang.AssertionError
	at fr.ufrsciencestech.panier.model.BananeTest.testNotEquals(BananeTest.java:48)

