-------------------------------------------------------------------------------
Test set: FraiseTest
-------------------------------------------------------------------------------
Tests run: 6, Failures: 1, Errors: 0, Skipped: 0, Time elapsed: 0 s <<< FAILURE! - in FraiseTest
testNotEquals(FraiseTest)  Time elapsed: 0 s  <<< FAILURE!
java.lang.AssertionError
	at FraiseTest.testNotEquals(FraiseTest.java:46)

