-------------------------------------------------------------------------------
Test set: PapayeTest
-------------------------------------------------------------------------------
Tests run: 6, Failures: 1, Errors: 0, Skipped: 0, Time elapsed: 0 s <<< FAILURE! - in PapayeTest
testNotEquals(PapayeTest)  Time elapsed: 0 s  <<< FAILURE!
java.lang.AssertionError
	at PapayeTest.testNotEquals(PapayeTest.java:45)

